<?xml version="1.0" encoding="UTF-8"?>
<testsuite name="com.studies.rrbmustudies.data.remote.FirestorePathParserTest" tests="3" skipped="0" failures="0" errors="0" timestamp="2026-07-07T19:24:12" hostname="Shashanks-MacBook-Pro.local" time="0.022">
  <properties/>
  <testcase name="parsePaperDocumentPath_handlesLeadingSlash" classname="com.studies.rrbmustudies.data.remote.FirestorePathParserTest" time="0.021"/>
  <testcase name="parsePaperDocumentPath_returnsNullForInvalidPath" classname="com.studies.rrbmustudies.data.remote.FirestorePathParserTest" time="0.001"/>
  <testcase name="parsePaperDocumentPath_extractsIds" classname="com.studies.rrbmustudies.data.remote.FirestorePathParserTest" time="0.0"/>
  <system-out><![CDATA[]]></system-out>
  <system-err><![CDATA[]]></system-err>
</testsuite>
